<?xml version="1.0" encoding="UTF-8"?>
<robot generator="Robot 7.2.2 (Python 3.13.1 on win32)" generated="2025-03-28T14:08:40.408176" rpa="false" schemaversion="5">
<suite id="s1" name="Browser Demo2" source="C:\Users\35840\harjoitus vite\vite-project\browser_demo2.robot">
<test id="s1-t1" name="Test Web Form" line="6">
<kw name="New Browser" owner="Browser">
<msg time="2025-03-28T14:08:40.675004" level="INFO">{"browser": "chromium", "headless": false, "chromiumSandbox": false, "devtools": false, "handleSIGHUP": true, "handleSIGINT": true, "handleSIGTERM": true, "slowMo": 0.0, "timeout": 30000.0, "tracesDir": "C:\\Users\\35840\\harjoitus vite\\vite-project\\browser\\traces\\temp\\a8d679fa-68d3-4fed-8371-43ce69b2074b"}</msg>
<msg time="2025-03-28T14:08:40.710089" level="INFO">Starting Browser process C:\Users\35840\harjoitus vite\vite-project\.venv\Lib\site-packages\Browser\wrapper\index.js using port 62300</msg>
<msg time="2025-03-28T14:08:40.710554" level="INFO">Node startup parameters: ['node', 'C:\\Users\\35840\\harjoitus vite\\vite-project\\.venv\\Lib\\site-packages\\Browser\\wrapper\\index.js', '62300']</msg>
<msg time="2025-03-28T14:08:42.263993" level="INFO">Successfully created browser with options: {"browser":"chromium","headless":false,"chromiumSandbox":false,"devtools":false,"handleSIGHUP":true,"handleSIGINT":true,"handleSIGTERM":true,"slowMo":0,"timeout":30000,"tracesDir":"C:\\Users\\35840\\harjoitus vite\\vite-project\\browser\\traces\\temp\\a8d679fa-68d3-4fed-8371-43ce69b2074b"}</msg>
<arg>chromium</arg>
<arg>headless=No</arg>
<tag>BrowserControl</tag>
<tag>Setter</tag>
<doc>Create a new playwright Browser with specified options.</doc>
<status status="PASS" start="2025-03-28T14:08:40.673158" elapsed="1.591134"/>
</kw>
<kw name="New Page" owner="Browser">
<msg time="2025-03-28T14:08:42.927740" level="INFO">Successfully initialized new page object and opened url: http://localhost:5174/src/pages/authtest.html</msg>
<msg time="2025-03-28T14:08:42.927871" level="INFO">No context was open. New context was automatically opened when this page is created.</msg>
<arg>http://localhost:5174/src/pages/authtest.html</arg>
<tag>BrowserControl</tag>
<tag>Setter</tag>
<doc>Open a new Page.</doc>
<status status="PASS" start="2025-03-28T14:08:42.273232" elapsed="0.654914"/>
</kw>
<kw name="Get Title" owner="Browser">
<msg time="2025-03-28T14:08:42.947776" level="INFO">Title: 'Authentication System'</msg>
<msg time="2025-03-28T14:08:42.948077" level="INFO">${actual_title} = Authentication System</msg>
<var>${actual_title}</var>
<tag>Assertion</tag>
<tag>Getter</tag>
<tag>PageContent</tag>
<doc>Returns the title of the current page.</doc>
<status status="PASS" start="2025-03-28T14:08:42.929093" elapsed="0.019038"/>
</kw>
<kw name="Log" owner="BuiltIn">
<msg time="2025-03-28T14:08:42.950542" level="INFO">Authentication System</msg>
<arg>${actual_title}</arg>
<doc>Logs the given message with the given level.</doc>
<status status="PASS" start="2025-03-28T14:08:42.950061" elapsed="0.000568"/>
</kw>
<kw name="Should Be Equal" owner="BuiltIn">
<arg>${actual_title}</arg>
<arg>Authentication System</arg>
<doc>Fails if the given objects are unequal.</doc>
<status status="PASS" start="2025-03-28T14:08:42.952508" elapsed="0.000794"/>
</kw>
<kw name="Type Text" owner="Browser">
<msg time="2025-03-28T14:08:42.958808" level="INFO">Types the text 'somebody@example.com' in the given field.</msg>
<msg time="2025-03-28T14:08:47.820382" level="INFO">Keyword 'Take Screenshot  fail-screenshot-{index}' could not be run on failure:
Error: Tried to take screenshot, but no page was open.</msg>
<msg time="2025-03-28T14:08:47.820732" level="INFO">See also file:///C:/Users/35840/harjoitus%20vite/vite-project/playwright-log-1743163720629474400.txt for additional details.</msg>
<msg time="2025-03-28T14:08:47.821879" level="FAIL">Error: locator.fill: Target page, context or browser has been closed
Call log:
  - waiting for locator('[name="my-text"]')
</msg>
<arg>[name="my-text"]</arg>
<arg>${Username}</arg>
<arg>delay=0.1 s</arg>
<tag>PageContent</tag>
<tag>Setter</tag>
<doc>Types the given ``txt`` into the text field found by ``selector``.</doc>
<status status="FAIL" start="2025-03-28T14:08:42.957509" elapsed="4.981766">Error: locator.fill: Target page, context or browser has been closed
Call log:
  - waiting for locator('[name="my-text"]')
</status>
</kw>
<kw name="Type Secret" owner="Browser">
<arg>[name="my-password"]</arg>
<arg>${Password}</arg>
<arg>delay=0.1 s</arg>
<tag>PageContent</tag>
<tag>Setter</tag>
<doc>Types the given secret from ``variable_name`` into the text field
found by ``selector``.</doc>
<status status="NOT RUN" start="2025-03-28T14:08:47.939835" elapsed="0.000231"/>
</kw>
<kw name="Type Text" owner="Browser">
<arg>[name="my-textarea"]</arg>
<arg>${Message}</arg>
<arg>delay=0.1 s</arg>
<tag>PageContent</tag>
<tag>Setter</tag>
<doc>Types the given ``txt`` into the text field found by ``selector``.</doc>
<status status="NOT RUN" start="2025-03-28T14:08:47.940368" elapsed="0.000120"/>
</kw>
<kw name="Click With Options" owner="Browser">
<arg>button</arg>
<arg>delay=2 s</arg>
<tag>PageContent</tag>
<tag>Setter</tag>
<doc>Simulates mouse click on the element found by ``selector``.</doc>
<status status="NOT RUN" start="2025-03-28T14:08:47.940728" elapsed="0.000107"/>
</kw>
<kw name="Get Text" owner="Browser">
<arg>id=message</arg>
<arg>==</arg>
<arg>Received!</arg>
<tag>Assertion</tag>
<tag>Getter</tag>
<tag>PageContent</tag>
<doc>Returns text attribute of the element found by ``selector``.</doc>
<status status="NOT RUN" start="2025-03-28T14:08:47.941117" elapsed="0.000096"/>
</kw>
<msg time="2025-03-28T14:08:47.945866" level="INFO">Set timeout to: 10000</msg>
<status status="FAIL" start="2025-03-28T14:08:40.671427" elapsed="7.270034">Error: locator.fill: Target page, context or browser has been closed
Call log:
  - waiting for locator('[name="my-text"]')
</status>
</test>
<status status="FAIL" start="2025-03-28T14:08:40.409745" elapsed="7.538003"/>
</suite>
<statistics>
<total>
<stat pass="0" fail="1" skip="0">All Tests</stat>
</total>
<tag>
</tag>
<suite>
<stat name="Browser Demo2" id="s1" pass="0" fail="1" skip="0">Browser Demo2</stat>
</suite>
</statistics>
<errors>
</errors>
</robot>
